<?xml version="1.0" encoding="UTF-8"?>
<!-- Generated by org.testng.reporters.JUnitReportReporter -->
<testsuite hostname="Manishaz-Laptop" name="Parking_Calc_Tests.TestCase_2" tests="1" failures="0" timestamp="20 Jan 2019 07:25:57 GMT" time="1.749" errors="0">
  <testcase name="ValetParking_WithValidDates" time="1.749" classname="Parking_Calc_Tests.TestCase_2"/>
</testsuite> <!-- Parking_Calc_Tests.TestCase_2 -->
