<?xml version="1.0" encoding="UTF-8"?>
<!-- Generated by org.testng.reporters.JUnitReportReporter -->
<testsuite hostname="Manishaz-Laptop" name="TestCase_1" tests="1" failures="0" timestamp="20 Jan 2019 05:37:41 GMT" time="1.534" errors="0">
  <testcase name="ShortTermParking_WithValidDates" time="1.534" classname="TestCase_1"/>
</testsuite> <!-- TestCase_1 -->
